Info: Starting: Create HDL design files for synthesis
Info: qsys-generate /home/laurentf/Documents/ensea/de10-nano-sandbox/nios0/nios0_ip.qsys --synthesis=VHDL --output-directory=/home/laurentf/Documents/ensea/de10-nano-sandbox/nios0/nios0_ip/synthesis --family="Cyclone V" --part=5CSEBA6U23I7
Progress: Loading nios0/nios0_ip.qsys
Progress: Reading input file
Progress: Adding clk_50 [clock_source 22.1]
Progress: Parameterizing module clk_50
Progress: Adding jtag_uart_0 [altera_avalon_jtag_uart 22.1]
Progress: Parameterizing module jtag_uart_0
Progress: Adding nios2_gen2_0 [altera_nios2_gen2 22.1]
Progress: Parameterizing module nios2_gen2_0
Progress: Adding onchip_memory2_0 [altera_avalon_onchip_memory2 22.1]
Progress: Parameterizing module onchip_memory2_0
Progress: Adding sysid_qsys_0 [altera_avalon_sysid_qsys 22.1]
Progress: Parameterizing module sysid_qsys_0
Progress: Building connections
Progress: Parameterizing connections
Progress: Validating
Progress: Done reading input file
Info: nios0_ip.jtag_uart_0: JTAG UART IP input clock need to be at least double (2x) the operating frequency of JTAG TCK on board
Info: nios0_ip.sysid_qsys_0: System ID is not assigned automatically. Edit the System ID parameter to provide a unique ID
Info: nios0_ip.sysid_qsys_0: Time stamp will be automatically updated when this component is generated.
Info: nios0_ip: Generating nios0_ip "nios0_ip" for QUARTUS_SYNTH
Info: jtag_uart_0: Starting RTL generation for module 'nios0_ip_jtag_uart_0'
Info: jtag_uart_0:   Generation command is [exec /opt/intelFPGA_lite/22.1std/quartus/linux64/perl/bin/perl -I /opt/intelFPGA_lite/22.1std/quartus/linux64/perl/lib -I /opt/intelFPGA_lite/22.1std/quartus/sopc_builder/bin/europa -I /opt/intelFPGA_lite/22.1std/quartus/sopc_builder/bin -I /opt/intelFPGA_lite/22.1std/quartus/../ip/altera/sopc_builder_ip/common -I /opt/intelFPGA_lite/22.1std/quartus/../ip/altera/sopc_builder_ip/altera_avalon_jtag_uart -- /opt/intelFPGA_lite/22.1std/quartus/../ip/altera/sopc_builder_ip/altera_avalon_jtag_uart/generate_rtl.pl --name=nios0_ip_jtag_uart_0 --dir=/tmp/alt9698_425012119861888506.dir/0048_jtag_uart_0_gen/ --quartus_dir=/opt/intelFPGA_lite/22.1std/quartus --verilog --config=/tmp/alt9698_425012119861888506.dir/0048_jtag_uart_0_gen//nios0_ip_jtag_uart_0_component_configuration.pl  --do_build_sim=0  ]
Info: jtag_uart_0: Done RTL generation for module 'nios0_ip_jtag_uart_0'
Info: jtag_uart_0: "nios0_ip" instantiated altera_avalon_jtag_uart "jtag_uart_0"
Info: nios2_gen2_0: "nios0_ip" instantiated altera_nios2_gen2 "nios2_gen2_0"
Info: onchip_memory2_0: Starting RTL generation for module 'nios0_ip_onchip_memory2_0'
Info: onchip_memory2_0:   Generation command is [exec /opt/intelFPGA_lite/22.1std/quartus/linux64/perl/bin/perl -I /opt/intelFPGA_lite/22.1std/quartus/linux64/perl/lib -I /opt/intelFPGA_lite/22.1std/quartus/sopc_builder/bin/europa -I /opt/intelFPGA_lite/22.1std/quartus/sopc_builder/bin -I /opt/intelFPGA_lite/22.1std/quartus/../ip/altera/sopc_builder_ip/common -I /opt/intelFPGA_lite/22.1std/quartus/../ip/altera/sopc_builder_ip/altera_avalon_onchip_memory2 -- /opt/intelFPGA_lite/22.1std/quartus/../ip/altera/sopc_builder_ip/altera_avalon_onchip_memory2/generate_rtl.pl --name=nios0_ip_onchip_memory2_0 --dir=/tmp/alt9698_425012119861888506.dir/0049_onchip_memory2_0_gen/ --quartus_dir=/opt/intelFPGA_lite/22.1std/quartus --verilog --config=/tmp/alt9698_425012119861888506.dir/0049_onchip_memory2_0_gen//nios0_ip_onchip_memory2_0_component_configuration.pl  --do_build_sim=0  ]
Info: onchip_memory2_0: Done RTL generation for module 'nios0_ip_onchip_memory2_0'
Info: onchip_memory2_0: "nios0_ip" instantiated altera_avalon_onchip_memory2 "onchip_memory2_0"
Info: sysid_qsys_0: "nios0_ip" instantiated altera_avalon_sysid_qsys "sysid_qsys_0"
Info: avalon_st_adapter: Inserting error_adapter: error_adapter_0
Info: avalon_st_adapter_001: Inserting error_adapter: error_adapter_0
Info: avalon_st_adapter_002: Inserting error_adapter: error_adapter_0
Info: avalon_st_adapter_003: Inserting error_adapter: error_adapter_0
Info: mm_interconnect_0: "nios0_ip" instantiated altera_mm_interconnect "mm_interconnect_0"
Info: irq_mapper: "nios0_ip" instantiated altera_irq_mapper "irq_mapper"
Info: rst_controller: "nios0_ip" instantiated altera_reset_controller "rst_controller"
Info: cpu: Starting RTL generation for module 'nios0_ip_nios2_gen2_0_cpu'
Info: cpu:   Generation command is [exec /opt/intelFPGA_lite/22.1std/quartus/linux64//perl/bin/perl -I /opt/intelFPGA_lite/22.1std/quartus/linux64//perl/lib -I /opt/intelFPGA_lite/22.1std/quartus/sopc_builder/bin/europa -I /opt/intelFPGA_lite/22.1std/quartus/sopc_builder/bin -I /opt/intelFPGA_lite/22.1std/quartus/../ip/altera/nios2_ip/altera_nios2_gen2/cpu_lib -I /opt/intelFPGA_lite/22.1std/quartus/../ip/altera/nios2_ip/altera_nios2_gen2/nios_lib -I /opt/intelFPGA_lite/22.1std/quartus/../ip/altera/nios2_ip/altera_nios2_gen2 -I /opt/intelFPGA_lite/22.1std/quartus/../ip/altera/nios2_ip/altera_nios2_gen2 -- /opt/intelFPGA_lite/22.1std/quartus/../ip/altera/nios2_ip/altera_nios2_gen2/generate_rtl.pl --name=nios0_ip_nios2_gen2_0_cpu --dir=/tmp/alt9698_425012119861888506.dir/0053_cpu_gen/ --quartus_bindir=/opt/intelFPGA_lite/22.1std/quartus/linux64/ --verilog --config=/tmp/alt9698_425012119861888506.dir/0053_cpu_gen//nios0_ip_nios2_gen2_0_cpu_processor_configuration.pl  --do_build_sim=0  ]
Info: cpu: # 2023.12.07 11:59:22 (*) Starting Nios II generation
Info: cpu: # 2023.12.07 11:59:22 (*)   Elaborating CPU configuration settings
Info: cpu: # 2023.12.07 11:59:23 (*)   Creating all objects for CPU
Info: cpu: # 2023.12.07 11:59:23 (*)     Testbench
Info: cpu: # 2023.12.07 11:59:23 (*)     Instruction decoding
Info: cpu: # 2023.12.07 11:59:23 (*)       Instruction fields
Info: cpu: # 2023.12.07 11:59:23 (*)       Instruction decodes
Info: cpu: # 2023.12.07 11:59:23 (*)       Signals for RTL simulation waveforms
Info: cpu: # 2023.12.07 11:59:23 (*)       Instruction controls
Info: cpu: # 2023.12.07 11:59:23 (*)     Pipeline frontend
Info: cpu: # 2023.12.07 11:59:23 (*)     Pipeline backend
Info: cpu: # 2023.12.07 11:59:24 (*)   Generating RTL from CPU objects
Info: cpu: # 2023.12.07 11:59:24 (*)   Creating plain-text RTL
Info: cpu: # 2023.12.07 11:59:25 (*) Done Nios II generation
Info: cpu: Done RTL generation for module 'nios0_ip_nios2_gen2_0_cpu'
Info: cpu: "nios2_gen2_0" instantiated altera_nios2_gen2_unit "cpu"
Info: nios2_gen2_0_data_master_translator: "mm_interconnect_0" instantiated altera_merlin_master_translator "nios2_gen2_0_data_master_translator"
Info: jtag_uart_0_avalon_jtag_slave_translator: "mm_interconnect_0" instantiated altera_merlin_slave_translator "jtag_uart_0_avalon_jtag_slave_translator"
Info: nios2_gen2_0_data_master_agent: "mm_interconnect_0" instantiated altera_merlin_master_agent "nios2_gen2_0_data_master_agent"
Info: jtag_uart_0_avalon_jtag_slave_agent: "mm_interconnect_0" instantiated altera_merlin_slave_agent "jtag_uart_0_avalon_jtag_slave_agent"
Info: jtag_uart_0_avalon_jtag_slave_agent_rsp_fifo: "mm_interconnect_0" instantiated altera_avalon_sc_fifo "jtag_uart_0_avalon_jtag_slave_agent_rsp_fifo"
Info: router: "mm_interconnect_0" instantiated altera_merlin_router "router"
Info: router_001: "mm_interconnect_0" instantiated altera_merlin_router "router_001"
Info: router_002: "mm_interconnect_0" instantiated altera_merlin_router "router_002"
Info: router_004: "mm_interconnect_0" instantiated altera_merlin_router "router_004"
Info: nios2_gen2_0_data_master_limiter: "mm_interconnect_0" instantiated altera_merlin_traffic_limiter "nios2_gen2_0_data_master_limiter"
Info: Reusing file /home/laurentf/Documents/ensea/de10-nano-sandbox/nios0/nios0_ip/synthesis/submodules/altera_avalon_sc_fifo.v
Info: cmd_demux: "mm_interconnect_0" instantiated altera_merlin_demultiplexer "cmd_demux"
Info: cmd_demux_001: "mm_interconnect_0" instantiated altera_merlin_demultiplexer "cmd_demux_001"
Info: cmd_mux: "mm_interconnect_0" instantiated altera_merlin_multiplexer "cmd_mux"
Info: cmd_mux_002: "mm_interconnect_0" instantiated altera_merlin_multiplexer "cmd_mux_002"
Info: Reusing file /home/laurentf/Documents/ensea/de10-nano-sandbox/nios0/nios0_ip/synthesis/submodules/altera_merlin_arbitrator.sv
Info: rsp_demux: "mm_interconnect_0" instantiated altera_merlin_demultiplexer "rsp_demux"
Info: rsp_demux_002: "mm_interconnect_0" instantiated altera_merlin_demultiplexer "rsp_demux_002"
Info: rsp_mux: "mm_interconnect_0" instantiated altera_merlin_multiplexer "rsp_mux"
Info: Reusing file /home/laurentf/Documents/ensea/de10-nano-sandbox/nios0/nios0_ip/synthesis/submodules/altera_merlin_arbitrator.sv
Info: rsp_mux_001: "mm_interconnect_0" instantiated altera_merlin_multiplexer "rsp_mux_001"
Info: Reusing file /home/laurentf/Documents/ensea/de10-nano-sandbox/nios0/nios0_ip/synthesis/submodules/altera_merlin_arbitrator.sv
Info: avalon_st_adapter: "mm_interconnect_0" instantiated altera_avalon_st_adapter "avalon_st_adapter"
Info: error_adapter_0: "avalon_st_adapter" instantiated error_adapter "error_adapter_0"
Info: nios0_ip: Done "nios0_ip" with 29 modules, 50 files
Info: qsys-generate succeeded.
Info: Finished: Create HDL design files for synthesis
