Flow report for DE10_NANO_ADC
Thu Dec  7 09:32:33 2023
Quartus Prime Version 22.1std.1 Build 917 02/14/2023 SC Lite Edition


---------------------
; Table of Contents ;
---------------------
  1. Legal Notice
  2. Flow Summary
  3. Flow Settings
  4. Flow Non-Default Global Settings
  5. Flow Elapsed Time
  6. Flow OS Summary
  7. Flow Log
  8. Flow Messages
  9. Flow Suppressed Messages



----------------
; Legal Notice ;
----------------
Copyright (C) 2023  Intel Corporation. All rights reserved.
Your use of Intel Corporation's design tools, logic functions 
and other software and tools, and any partner logic 
functions, and any output files from any of the foregoing 
(including device programming or simulation files), and any 
associated documentation or information are expressly subject 
to the terms and conditions of the Intel Program License 
Subscription Agreement, the Intel Quartus Prime License Agreement,
the Intel FPGA IP License Agreement, or other applicable license
agreement, including, without limitation, that your use is for
the sole purpose of programming logic devices manufactured by
Intel and sold by Intel or its authorized distributors.  Please
refer to the applicable agreement for further details, at
https://fpgasoftware.intel.com/eula.



+----------------------------------------------------------------------------------+
; Flow Summary                                                                     ;
+---------------------------------+------------------------------------------------+
; Flow Status                     ; Successful - Thu Dec  7 09:32:21 2023          ;
; Quartus Prime Version           ; 22.1std.1 Build 917 02/14/2023 SC Lite Edition ;
; Revision Name                   ; DE10_NANO_ADC                                  ;
; Top-level Entity Name           ; DE10_NANO_ADC                                  ;
; Family                          ; Cyclone V                                      ;
; Device                          ; 5CSEBA6U23I7                                   ;
; Timing Models                   ; Final                                          ;
; Logic utilization (in ALMs)     ; 1,571 / 41,910 ( 4 % )                         ;
; Total registers                 ; 2416                                           ;
; Total pins                      ; 73 / 314 ( 23 % )                              ;
; Total virtual pins              ; 0                                              ;
; Total block memory bits         ; 1,368,512 / 5,662,720 ( 24 % )                 ;
; Total DSP Blocks                ; 3 / 112 ( 3 % )                                ;
; Total HSSI RX PCSs              ; 0                                              ;
; Total HSSI PMA RX Deserializers ; 0                                              ;
; Total HSSI TX PCSs              ; 0                                              ;
; Total HSSI PMA TX Serializers   ; 0                                              ;
; Total PLLs                      ; 1 / 6 ( 17 % )                                 ;
; Total DLLs                      ; 0 / 4 ( 0 % )                                  ;
+---------------------------------+------------------------------------------------+


+-----------------------------------------+
; Flow Settings                           ;
+-------------------+---------------------+
; Option            ; Setting             ;
+-------------------+---------------------+
; Start date & time ; 12/07/2023 09:30:23 ;
; Main task         ; Compilation         ;
; Revision Name     ; DE10_NANO_ADC       ;
+-------------------+---------------------+


+------------------------------------------------------------------------------------------------------------------------------------------------------+
; Flow Non-Default Global Settings                                                                                                                     ;
+-------------------------------------+------------------------------------------------------------------+---------------+----------------+------------+
; Assignment Name                     ; Value                                                            ; Default Value ; Entity Name    ; Section Id ;
+-------------------------------------+------------------------------------------------------------------+---------------+----------------+------------+
; COMPILER_SIGNATURE_ID               ; 83689968613085.170193782315503                                   ; --            ; --             ; --         ;
; MAX_CORE_JUNCTION_TEMP              ; 85                                                               ; --            ; --             ; --         ;
; MIN_CORE_JUNCTION_TEMP              ; 0                                                                ; --            ; --             ; --         ;
; MISC_FILE                           ; DE10_NANO_QSYS/synthesis/../DE10_NANO_QSYS.cmp                   ; --            ; --             ; --         ;
; MISC_FILE                           ; DE10_NANO_QSYS/synthesis/../../DE10_NANO_QSYS.qsys               ; --            ; --             ; --         ;
; PARTITION_COLOR                     ; -- (Not supported for targeted family)                           ; --            ; --             ; Top        ;
; PARTITION_FITTER_PRESERVATION_LEVEL ; -- (Not supported for targeted family)                           ; --            ; --             ; Top        ;
; PARTITION_NETLIST_TYPE              ; -- (Not supported for targeted family)                           ; --            ; --             ; Top        ;
; POWER_BOARD_THERMAL_MODEL           ; None (CONSERVATIVE)                                              ; --            ; --             ; --         ;
; POWER_PRESET_COOLING_SOLUTION       ; 23 MM HEAT SINK WITH 200 LFPM AIRFLOW                            ; --            ; --             ; --         ;
; SLD_FILE                            ; DE10_NANO_QSYS/synthesis/DE10_NANO_QSYS.regmap                   ; --            ; --             ; --         ;
; SLD_FILE                            ; DE10_NANO_QSYS/synthesis/DE10_NANO_QSYS.debuginfo                ; --            ; --             ; --         ;
; SLD_INFO                            ; QSYS_NAME DE10_NANO_QSYS HAS_SOPCINFO 1 GENERATION_ID 1701937142 ; --            ; DE10_NANO_QSYS ; --         ;
; SOPCINFO_FILE                       ; DE10_NANO_QSYS/synthesis/../../DE10_NANO_QSYS.sopcinfo           ; --            ; --             ; --         ;
; SYNTHESIS_ONLY_QIP                  ; On                                                               ; --            ; --             ; --         ;
+-------------------------------------+------------------------------------------------------------------+---------------+----------------+------------+


+--------------------------------------------------------------------------------------------------------------------------+
; Flow Elapsed Time                                                                                                        ;
+----------------------+--------------+-------------------------+---------------------+------------------------------------+
; Module Name          ; Elapsed Time ; Average Processors Used ; Peak Virtual Memory ; Total CPU Time (on all processors) ;
+----------------------+--------------+-------------------------+---------------------+------------------------------------+
; Analysis & Synthesis ; 00:00:27     ; 1.0                     ; 660 MB              ; 00:00:48                           ;
; Fitter               ; 00:01:17     ; 1.2                     ; 2014 MB             ; 00:02:49                           ;
; Assembler            ; 00:00:08     ; 1.0                     ; 572 MB              ; 00:00:07                           ;
; Timing Analyzer      ; 00:00:11     ; 2.0                     ; 1046 MB             ; 00:00:20                           ;
; Total                ; 00:02:03     ; --                      ; --                  ; 00:04:04                           ;
+----------------------+--------------+-------------------------+---------------------+------------------------------------+


+----------------------------------------------------------------------------------------+
; Flow OS Summary                                                                        ;
+----------------------+------------------+----------------+------------+----------------+
; Module Name          ; Machine Hostname ; OS Name        ; OS Version ; Processor type ;
+----------------------+------------------+----------------+------------+----------------+
; Analysis & Synthesis ; laurentf-ensea   ; Ubuntu 22.04.3 ; 22         ; x86_64         ;
; Fitter               ; laurentf-ensea   ; Ubuntu 22.04.3 ; 22         ; x86_64         ;
; Assembler            ; laurentf-ensea   ; Ubuntu 22.04.3 ; 22         ; x86_64         ;
; Timing Analyzer      ; laurentf-ensea   ; Ubuntu 22.04.3 ; 22         ; x86_64         ;
+----------------------+------------------+----------------+------------+----------------+


------------
; Flow Log ;
------------
quartus_map --read_settings_files=on --write_settings_files=off DE10_NANO_ADC -c DE10_NANO_ADC
quartus_fit --read_settings_files=off --write_settings_files=off DE10_NANO_ADC -c DE10_NANO_ADC
quartus_asm --read_settings_files=off --write_settings_files=off DE10_NANO_ADC -c DE10_NANO_ADC
quartus_sta DE10_NANO_ADC -c DE10_NANO_ADC



